<?xml version="1.0" encoding="UTF-8"?>
<testsuite xmlns:xsi="http://www.w3.org/2001/XMLSchema-instance" xsi:noNamespaceSchemaLocation="https://maven.apache.org/surefire/maven-surefire-plugin/xsd/surefire-test-report-3.0.xsd" version="3.0" name="fr.istic.vv.DateTest" time="0.061" tests="70" errors="0" skipped="0" failures="0">
  <properties>
    <property name="java.specification.version" value="17"/>
    <property name="sun.cpu.isalist" value="amd64"/>
    <property name="sun.jnu.encoding" value="Cp1252"/>
    <property name="java.class.path" value="C:\Users\Mathis$\Desktop\cours\VV\VV-ISTIC-TP3\code\tp3-date\target\test-classes;C:\Users\Mathis$\Desktop\cours\VV\VV-ISTIC-TP3\code\tp3-date\target\classes;C:\Users\Mathis$\.m2\repository\org\junit\jupiter\junit-jupiter\5.6.2\junit-jupiter-5.6.2.jar;C:\Users\Mathis$\.m2\repository\org\junit\jupiter\junit-jupiter-api\5.6.2\junit-jupiter-api-5.6.2.jar;C:\Users\Mathis$\.m2\repository\org\apiguardian\apiguardian-api\1.1.0\apiguardian-api-1.1.0.jar;C:\Users\Mathis$\.m2\repository\org\opentest4j\opentest4j\1.2.0\opentest4j-1.2.0.jar;C:\Users\Mathis$\.m2\repository\org\junit\platform\junit-platform-commons\1.6.2\junit-platform-commons-1.6.2.jar;C:\Users\Mathis$\.m2\repository\org\junit\jupiter\junit-jupiter-params\5.6.2\junit-jupiter-params-5.6.2.jar;C:\Users\Mathis$\.m2\repository\org\junit\jupiter\junit-jupiter-engine\5.6.2\junit-jupiter-engine-5.6.2.jar;C:\Users\Mathis$\.m2\repository\org\junit\platform\junit-platform-engine\1.6.2\junit-platform-engine-1.6.2.jar;"/>
    <property name="java.vm.vendor" value="Oracle Corporation"/>
    <property name="sun.arch.data.model" value="64"/>
    <property name="user.variant" value=""/>
    <property name="java.vendor.url" value="https://java.oracle.com/"/>
    <property name="user.timezone" value="Europe/Paris"/>
    <property name="os.name" value="Windows 10"/>
    <property name="java.vm.specification.version" value="17"/>
    <property name="sun.java.launcher" value="SUN_STANDARD"/>
    <property name="user.country" value="FR"/>
    <property name="sun.boot.library.path" value="C:\Program Files\Java\jdk-17\bin"/>
    <property name="sun.java.command" value="C:\Users\Mathis$\AppData\Local\Temp\surefire1917979329235760889\surefirebooter17690839193056243397.jar C:\Users\Mathis$\AppData\Local\Temp\surefire1917979329235760889 2024-01-14T16-10-34_276-jvmRun1 surefire2229000057483173169tmp surefire_014062788114250095569tmp"/>
    <property name="jdk.debug" value="release"/>
    <property name="surefire.test.class.path" value="C:\Users\Mathis$\Desktop\cours\VV\VV-ISTIC-TP3\code\tp3-date\target\test-classes;C:\Users\Mathis$\Desktop\cours\VV\VV-ISTIC-TP3\code\tp3-date\target\classes;C:\Users\Mathis$\.m2\repository\org\junit\jupiter\junit-jupiter\5.6.2\junit-jupiter-5.6.2.jar;C:\Users\Mathis$\.m2\repository\org\junit\jupiter\junit-jupiter-api\5.6.2\junit-jupiter-api-5.6.2.jar;C:\Users\Mathis$\.m2\repository\org\apiguardian\apiguardian-api\1.1.0\apiguardian-api-1.1.0.jar;C:\Users\Mathis$\.m2\repository\org\opentest4j\opentest4j\1.2.0\opentest4j-1.2.0.jar;C:\Users\Mathis$\.m2\repository\org\junit\platform\junit-platform-commons\1.6.2\junit-platform-commons-1.6.2.jar;C:\Users\Mathis$\.m2\repository\org\junit\jupiter\junit-jupiter-params\5.6.2\junit-jupiter-params-5.6.2.jar;C:\Users\Mathis$\.m2\repository\org\junit\jupiter\junit-jupiter-engine\5.6.2\junit-jupiter-engine-5.6.2.jar;C:\Users\Mathis$\.m2\repository\org\junit\platform\junit-platform-engine\1.6.2\junit-platform-engine-1.6.2.jar;"/>
    <property name="sun.cpu.endian" value="little"/>
    <property name="user.home" value="C:\Users\Mathis$"/>
    <property name="user.language" value="fr"/>
    <property name="java.specification.vendor" value="Oracle Corporation"/>
    <property name="java.version.date" value="2023-04-18"/>
    <property name="java.home" value="C:\Program Files\Java\jdk-17"/>
    <property name="file.separator" value="\"/>
    <property name="basedir" value="C:\Users\Mathis$\Desktop\cours\VV\VV-ISTIC-TP3\code\tp3-date"/>
    <property name="java.vm.compressedOopsMode" value="Zero based"/>
    <property name="line.separator" value="&#10;"/>
    <property name="java.vm.specification.vendor" value="Oracle Corporation"/>
    <property name="java.specification.name" value="Java Platform API Specification"/>
    <property name="surefire.real.class.path" value="C:\Users\Mathis$\AppData\Local\Temp\surefire1917979329235760889\surefirebooter17690839193056243397.jar"/>
    <property name="user.script" value=""/>
    <property name="sun.management.compiler" value="HotSpot 64-Bit Tiered Compilers"/>
    <property name="java.runtime.version" value="17.0.7+8-LTS-224"/>
    <property name="user.name" value="Mathis"/>
    <property name="path.separator" value=";"/>
    <property name="os.version" value="10.0"/>
    <property name="java.runtime.name" value="Java(TM) SE Runtime Environment"/>
    <property name="file.encoding" value="Cp1252"/>
    <property name="java.vm.name" value="Java HotSpot(TM) 64-Bit Server VM"/>
    <property name="localRepository" value="C:\Users\Mathis$\.m2\repository"/>
    <property name="java.vendor.url.bug" value="https://bugreport.java.com/bugreport/"/>
    <property name="java.io.tmpdir" value="C:\Users\Mathis$\AppData\Local\Temp\"/>
    <property name="java.version" value="17.0.7"/>
    <property name="user.dir" value="C:\Users\Mathis$\Desktop\cours\VV\VV-ISTIC-TP3\code\tp3-date"/>
    <property name="os.arch" value="amd64"/>
    <property name="java.vm.specification.name" value="Java Virtual Machine Specification"/>
    <property name="sun.os.patch.level" value=""/>
    <property name="native.encoding" value="Cp1252"/>
    <property name="java.library.path" value="C:\Program Files\Java\jdk-17\bin;C:\Windows\Sun\Java\bin;C:\Windows\system32;C:\Windows;C:\Users\Mathis$\bin;C:\Program Files\Git\mingw64\bin;C:\Program Files\Git\usr\local\bin;C:\Program Files\Git\usr\bin;C:\Program Files\Git\usr\bin;C:\Program Files\Git\mingw64\bin;C:\Program Files\Git\usr\bin;C:\Users\Mathis$\bin;C:\Users\Mathis$\AppData\Local\Programs\Python\Python311\Scripts;C:\Users\Mathis$\AppData\Local\Programs\Python\Python311;C:\Program Files\Common Files\Oracle\Java\javapath;C:\Windows\system32;C:\Windows;C:\Windows\System32\Wbem;C:\Windows\System32\WindowsPowerShell\v1.0;C:\Windows\System32\OpenSSH;C:\Program Files\Docker\Docker\resources\bin;C:\Program Files\Git\cmd;C:\Program Files\nodejs;C:\ProgramData\chocolatey\bin;C:\Users\Mathis$\AppData\Local\Microsoft\WindowsApps;C:\Users\Mathis$\AppData\Local\Programs\Microsoft VS Code\bin;C:\Program Files\JetBrains\IntelliJ IDEA 2023.2.1\bin;C:\Users\Mathis$\AppData\Roaming\npm;C:\Users\Mathis$\flutter\bin;C:\tools\dart-sdk\bin;C:\Users\Mathis$\AppData\Local\Pub\Cache\bin;C:\Program Files\MySQL\MySQL Server 8.0\bin;C:\platform-tools;C:\Program Files\apache-maven-3.9.6\bin;C:\Program Files\Git\usr\bin\vendor_perl;C:\Program Files\Git\usr\bin\core_perl;."/>
    <property name="java.vm.info" value="mixed mode, sharing"/>
    <property name="java.vendor" value="Oracle Corporation"/>
    <property name="java.vm.version" value="17.0.7+8-LTS-224"/>
    <property name="sun.io.unicode.encoding" value="UnicodeLittle"/>
    <property name="java.class.version" value="61.0"/>
  </properties>
  <testcase name="testIsValidDateMonthTooHigh" classname="fr.istic.vv.DateTest" time="0.021"/>
  <testcase name="testInvalidDate" classname="fr.istic.vv.DateTest" time="0.002"/>
  <testcase name="testIsValidDateDayTooSmallInMonth10" classname="fr.istic.vv.DateTest" time="0"/>
  <testcase name="testIsValidDateDayTooSmallInMonth11" classname="fr.istic.vv.DateTest" time="0.001"/>
  <testcase name="testIsValidDateDayTooSmallInMonth12" classname="fr.istic.vv.DateTest" time="0"/>
  <testcase name="testIsValidDateDayInMonth10" classname="fr.istic.vv.DateTest" time="0.001"/>
  <testcase name="testIsValidDateDayInMonth11" classname="fr.istic.vv.DateTest" time="0.001"/>
  <testcase name="testIsValidDateDayInMonth12" classname="fr.istic.vv.DateTest" time="0"/>
  <testcase name="testIsValidDateDayTooHighInMonth10" classname="fr.istic.vv.DateTest" time="0"/>
  <testcase name="testIsValidDateDayTooHighInMonth11" classname="fr.istic.vv.DateTest" time="0.001"/>
  <testcase name="testIsValidDateDayTooHighInMonth12" classname="fr.istic.vv.DateTest" time="0"/>
  <testcase name="testCompareToDayBefore" classname="fr.istic.vv.DateTest" time="0.001"/>
  <testcase name="testCompareToEquals" classname="fr.istic.vv.DateTest" time="0"/>
  <testcase name="testEqualsDifferentYear" classname="fr.istic.vv.DateTest" time="0"/>
  <testcase name="testIsLeapYearDayDivisibleBy100AndNotBy400" classname="fr.istic.vv.DateTest" time="0"/>
  <testcase name="testIsValidDateDay29InMonth2AndLeapYear" classname="fr.istic.vv.DateTest" time="0"/>
  <testcase name="testEqualsDifferentMonth" classname="fr.istic.vv.DateTest" time="0"/>
  <testcase name="testValidDate" classname="fr.istic.vv.DateTest" time="0.001"/>
  <testcase name="testCompareToYearAfter" classname="fr.istic.vv.DateTest" time="0"/>
  <testcase name="testEqualsNull" classname="fr.istic.vv.DateTest" time="0"/>
  <testcase name="testEqualsType" classname="fr.istic.vv.DateTest" time="0"/>
  <testcase name="testIsValidDateDayTooHighInMonth1" classname="fr.istic.vv.DateTest" time="0"/>
  <testcase name="testIsValidDateDayTooHighInMonth2" classname="fr.istic.vv.DateTest" time="0"/>
  <testcase name="testIsValidDateDayTooHighInMonth3" classname="fr.istic.vv.DateTest" time="0"/>
  <testcase name="testIsValidDateDayTooHighInMonth4" classname="fr.istic.vv.DateTest" time="0"/>
  <testcase name="testIsValidDateDayTooHighInMonth5" classname="fr.istic.vv.DateTest" time="0"/>
  <testcase name="testIsValidDateDayTooHighInMonth6" classname="fr.istic.vv.DateTest" time="0"/>
  <testcase name="testIsValidDateDayTooHighInMonth7" classname="fr.istic.vv.DateTest" time="0"/>
  <testcase name="testIsValidDateDayTooHighInMonth8" classname="fr.istic.vv.DateTest" time="0"/>
  <testcase name="testIsValidDateDayTooHighInMonth9" classname="fr.istic.vv.DateTest" time="0"/>
  <testcase name="testCompareToDayAfter" classname="fr.istic.vv.DateTest" time="0"/>
  <testcase name="testCompareToMonthBefore" classname="fr.istic.vv.DateTest" time="0"/>
  <testcase name="testCompareToYearBefore" classname="fr.istic.vv.DateTest" time="0"/>
  <testcase name="testNextDateNewMonth" classname="fr.istic.vv.DateTest" time="0.001"/>
  <testcase name="testNextDateNewYear" classname="fr.istic.vv.DateTest" time="0.001"/>
  <testcase name="testNextDateInMonth" classname="fr.istic.vv.DateTest" time="0"/>
  <testcase name="testEqualsDifferentDay" classname="fr.istic.vv.DateTest" time="0"/>
  <testcase name="testIsValidDateMonthZero" classname="fr.istic.vv.DateTest" time="0"/>
  <testcase name="testEqualsSameDate" classname="fr.istic.vv.DateTest" time="0"/>
  <testcase name="testPreviousDateNewMonth30" classname="fr.istic.vv.DateTest" time="0.001"/>
  <testcase name="testPreviousDateNewMonth31" classname="fr.istic.vv.DateTest" time="0"/>
  <testcase name="testPreviousDateNewMonth2AndNotLeapYear" classname="fr.istic.vv.DateTest" time="0"/>
  <testcase name="testIsValidDateNegativeMonth" classname="fr.istic.vv.DateTest" time="0"/>
  <testcase name="testIsLeapYearDayDivisibleBy4" classname="fr.istic.vv.DateTest" time="0.001"/>
  <testcase name="testIsValidDateDayTooSmallInMonth1" classname="fr.istic.vv.DateTest" time="0"/>
  <testcase name="testIsValidDateDayTooSmallInMonth2" classname="fr.istic.vv.DateTest" time="0"/>
  <testcase name="testIsValidDateDayTooSmallInMonth3" classname="fr.istic.vv.DateTest" time="0"/>
  <testcase name="testIsValidDateDayTooSmallInMonth4" classname="fr.istic.vv.DateTest" time="0"/>
  <testcase name="testIsValidDateDayTooSmallInMonth5" classname="fr.istic.vv.DateTest" time="0"/>
  <testcase name="testIsValidDateDayTooSmallInMonth6" classname="fr.istic.vv.DateTest" time="0"/>
  <testcase name="testIsValidDateDayTooSmallInMonth7" classname="fr.istic.vv.DateTest" time="0.001"/>
  <testcase name="testIsValidDateDayTooSmallInMonth8" classname="fr.istic.vv.DateTest" time="0"/>
  <testcase name="testIsValidDateDayTooSmallInMonth9" classname="fr.istic.vv.DateTest" time="0"/>
  <testcase name="testPreviousDateNewYear" classname="fr.istic.vv.DateTest" time="0"/>
  <testcase name="testPreviousDateInMonth" classname="fr.istic.vv.DateTest" time="0"/>
  <testcase name="testCompareToMonthAfter" classname="fr.istic.vv.DateTest" time="0"/>
  <testcase name="testPreviousDateNewMonth2AndLeapYear" classname="fr.istic.vv.DateTest" time="0"/>
  <testcase name="testIsValidDateDayInMonth1" classname="fr.istic.vv.DateTest" time="0"/>
  <testcase name="testIsValidDateDayInMonth2" classname="fr.istic.vv.DateTest" time="0"/>
  <testcase name="testIsValidDateDayInMonth3" classname="fr.istic.vv.DateTest" time="0.001"/>
  <testcase name="testIsValidDateDayInMonth4" classname="fr.istic.vv.DateTest" time="0"/>
  <testcase name="testIsValidDateDayInMonth5" classname="fr.istic.vv.DateTest" time="0"/>
  <testcase name="testIsValidDateDayInMonth6" classname="fr.istic.vv.DateTest" time="0"/>
  <testcase name="testIsValidDateDayInMonth7" classname="fr.istic.vv.DateTest" time="0"/>
  <testcase name="testIsValidDateDayInMonth8" classname="fr.istic.vv.DateTest" time="0"/>
  <testcase name="testIsValidDateDayInMonth9" classname="fr.istic.vv.DateTest" time="0"/>
  <testcase name="testToStringTest" classname="fr.istic.vv.DateTest" time="0.005"/>
  <testcase name="testIsValidDateDayZero" classname="fr.istic.vv.DateTest" time="0"/>
  <testcase name="testIsValidDateDay29InMonth2AndNotLeapYear" classname="fr.istic.vv.DateTest" time="0"/>
  <testcase name="testIsLeapYearDayDivisibleBy100AndBy400" classname="fr.istic.vv.DateTest" time="0"/>
</testsuite>